  [1m[35m (44.0ms)[0m  [1m[35mCREATE TABLE "schema_migrations" ("version" character varying NOT NULL PRIMARY KEY)[0m
  [1m[35m (25.4ms)[0m  [1m[35mCREATE TABLE "ar_internal_metadata" ("key" character varying NOT NULL PRIMARY KEY, "value" character varying, "created_at" timestamp NOT NULL, "updated_at" timestamp NOT NULL)[0m
  [1m[35m (31.4ms)[0m  [1m[34mSELECT pg_try_advisory_lock(8215156367958774570)[0m
  [1m[35m (1.9ms)[0m  [1m[34mSELECT "schema_migrations"."version" FROM "schema_migrations" ORDER BY "schema_migrations"."version" ASC[0m
Migrating to CreateUsers (20170913205635)
  [1m[35m (0.2ms)[0m  [1m[35mBEGIN[0m
  [1m[35m (36.2ms)[0m  [1m[35mCREATE TABLE "users" ("id" bigserial primary key, "email" character varying NOT NULL, "password" character varying NOT NULL, "created_at" timestamp NOT NULL, "updated_at" timestamp NOT NULL)[0m
  [1m[35mSQL (7.1ms)[0m  [1m[32mINSERT INTO "schema_migrations" ("version") VALUES ($1) RETURNING "version"[0m  [["version", "20170913205635"]]
  [1m[35m (1.2ms)[0m  [1m[35mCOMMIT[0m
  [1m[36mActiveRecord::InternalMetadata Load (0.6ms)[0m  [1m[34mSELECT  "ar_internal_metadata".* FROM "ar_internal_metadata" WHERE "ar_internal_metadata"."key" = $1 LIMIT $2[0m  [["key", "environment"], ["LIMIT", 1]]
  [1m[35m (0.2ms)[0m  [1m[35mBEGIN[0m
  [1m[35mSQL (2.2ms)[0m  [1m[32mINSERT INTO "ar_internal_metadata" ("key", "value", "created_at", "updated_at") VALUES ($1, $2, $3, $4) RETURNING "key"[0m  [["key", "environment"], ["value", "development"], ["created_at", "2017-09-13 20:57:55.801710"], ["updated_at", "2017-09-13 20:57:55.801710"]]
  [1m[35m (1.4ms)[0m  [1m[35mCOMMIT[0m
  [1m[35m (0.3ms)[0m  [1m[34mSELECT pg_advisory_unlock(8215156367958774570)[0m
  [1m[35m (5.8ms)[0m  [1m[34mSELECT "schema_migrations"."version" FROM "schema_migrations" ORDER BY "schema_migrations"."version" ASC[0m
Started GET "/" for 127.0.0.1 at 2017-09-13 17:13:12 -0700
  [1m[35m (5.2ms)[0m  [1m[34mSELECT "schema_migrations"."version" FROM "schema_migrations" ORDER BY "schema_migrations"."version" ASC[0m
Processing by Rails::WelcomeController#index as HTML
  Rendering /Users/cpinotti/.rvm/gems/ruby-2.4.0@photo/gems/railties-5.1.4/lib/rails/templates/rails/welcome/index.html.erb
  Rendered /Users/cpinotti/.rvm/gems/ruby-2.4.0@photo/gems/railties-5.1.4/lib/rails/templates/rails/welcome/index.html.erb (5.6ms)
Completed 200 OK in 38ms (Views: 14.2ms | ActiveRecord: 0.0ms)


  [1m[35m (17.9ms)[0m  [1m[34mSELECT pg_try_advisory_lock(8215156367958774570)[0m
  [1m[35m (7.1ms)[0m  [1m[34mSELECT "schema_migrations"."version" FROM "schema_migrations" ORDER BY "schema_migrations"."version" ASC[0m
Migrating to CreateAdmins (20170914002745)
  [1m[35m (0.2ms)[0m  [1m[35mBEGIN[0m
  [1m[35m (93.9ms)[0m  [1m[35mCREATE TABLE "admins" ("id" bigserial primary key, "first_name" character varying NOT NULL, "last_name" character varying NOT NULL, "user_id" integer NOT NULL, "created_at" timestamp NOT NULL, "updated_at" timestamp NOT NULL)[0m
  [1m[35mSQL (3.2ms)[0m  [1m[32mINSERT INTO "schema_migrations" ("version") VALUES ($1) RETURNING "version"[0m  [["version", "20170914002745"]]
  [1m[35m (2.8ms)[0m  [1m[35mCOMMIT[0m
  [1m[36mActiveRecord::InternalMetadata Load (2.7ms)[0m  [1m[34mSELECT  "ar_internal_metadata".* FROM "ar_internal_metadata" WHERE "ar_internal_metadata"."key" = $1 LIMIT $2[0m  [["key", "environment"], ["LIMIT", 1]]
  [1m[35m (0.2ms)[0m  [1m[35mBEGIN[0m
  [1m[35m (0.1ms)[0m  [1m[35mCOMMIT[0m
  [1m[35m (0.2ms)[0m  [1m[34mSELECT pg_advisory_unlock(8215156367958774570)[0m
  [1m[35m (0.4ms)[0m  [1m[34mSELECT "schema_migrations"."version" FROM "schema_migrations" ORDER BY "schema_migrations"."version" ASC[0m
Started GET "/artists/1/about" for 127.0.0.1 at 2017-09-13 17:43:14 -0700
  [1m[35m (8.1ms)[0m  [1m[34mSELECT "schema_migrations"."version" FROM "schema_migrations" ORDER BY "schema_migrations"."version" ASC[0m
  
ActionController::RoutingError (No route matches [GET] "/artists/1/about"):
  
actionpack (5.1.4) lib/action_dispatch/middleware/debug_exceptions.rb:63:in `call'
web-console (3.5.1) lib/web_console/middleware.rb:135:in `call_app'
web-console (3.5.1) lib/web_console/middleware.rb:28:in `block in call'
web-console (3.5.1) lib/web_console/middleware.rb:18:in `catch'
web-console (3.5.1) lib/web_console/middleware.rb:18:in `call'
actionpack (5.1.4) lib/action_dispatch/middleware/show_exceptions.rb:31:in `call'
railties (5.1.4) lib/rails/rack/logger.rb:36:in `call_app'
railties (5.1.4) lib/rails/rack/logger.rb:24:in `block in call'
activesupport (5.1.4) lib/active_support/tagged_logging.rb:69:in `block in tagged'
activesupport (5.1.4) lib/active_support/tagged_logging.rb:26:in `tagged'
activesupport (5.1.4) lib/active_support/tagged_logging.rb:69:in `tagged'
railties (5.1.4) lib/rails/rack/logger.rb:24:in `call'
sprockets-rails (3.2.1) lib/sprockets/rails/quiet_assets.rb:13:in `call'
actionpack (5.1.4) lib/action_dispatch/middleware/remote_ip.rb:79:in `call'
actionpack (5.1.4) lib/action_dispatch/middleware/request_id.rb:25:in `call'
rack (2.0.3) lib/rack/method_override.rb:22:in `call'
rack (2.0.3) lib/rack/runtime.rb:22:in `call'
activesupport (5.1.4) lib/active_support/cache/strategy/local_cache_middleware.rb:27:in `call'
actionpack (5.1.4) lib/action_dispatch/middleware/executor.rb:12:in `call'
actionpack (5.1.4) lib/action_dispatch/middleware/static.rb:125:in `call'
rack (2.0.3) lib/rack/sendfile.rb:111:in `call'
railties (5.1.4) lib/rails/engine.rb:522:in `call'
puma (3.10.0) lib/puma/configuration.rb:225:in `call'
puma (3.10.0) lib/puma/server.rb:605:in `handle_request'
puma (3.10.0) lib/puma/server.rb:437:in `process_client'
puma (3.10.0) lib/puma/server.rb:301:in `block in run'
puma (3.10.0) lib/puma/thread_pool.rb:120:in `block in spawn_thread'
Started GET "/artists/1/about" for 127.0.0.1 at 2017-09-13 17:43:31 -0700
  [1m[35m (0.7ms)[0m  [1m[34mSELECT "schema_migrations"."version" FROM "schema_migrations" ORDER BY "schema_migrations"."version" ASC[0m
  
ActionController::RoutingError (No route matches [GET] "/artists/1/about"):
  
actionpack (5.1.4) lib/action_dispatch/middleware/debug_exceptions.rb:63:in `call'
web-console (3.5.1) lib/web_console/middleware.rb:135:in `call_app'
web-console (3.5.1) lib/web_console/middleware.rb:28:in `block in call'
web-console (3.5.1) lib/web_console/middleware.rb:18:in `catch'
web-console (3.5.1) lib/web_console/middleware.rb:18:in `call'
actionpack (5.1.4) lib/action_dispatch/middleware/show_exceptions.rb:31:in `call'
railties (5.1.4) lib/rails/rack/logger.rb:36:in `call_app'
railties (5.1.4) lib/rails/rack/logger.rb:24:in `block in call'
activesupport (5.1.4) lib/active_support/tagged_logging.rb:69:in `block in tagged'
activesupport (5.1.4) lib/active_support/tagged_logging.rb:26:in `tagged'
activesupport (5.1.4) lib/active_support/tagged_logging.rb:69:in `tagged'
railties (5.1.4) lib/rails/rack/logger.rb:24:in `call'
sprockets-rails (3.2.1) lib/sprockets/rails/quiet_assets.rb:13:in `call'
actionpack (5.1.4) lib/action_dispatch/middleware/remote_ip.rb:79:in `call'
actionpack (5.1.4) lib/action_dispatch/middleware/request_id.rb:25:in `call'
rack (2.0.3) lib/rack/method_override.rb:22:in `call'
rack (2.0.3) lib/rack/runtime.rb:22:in `call'
activesupport (5.1.4) lib/active_support/cache/strategy/local_cache_middleware.rb:27:in `call'
actionpack (5.1.4) lib/action_dispatch/middleware/executor.rb:12:in `call'
actionpack (5.1.4) lib/action_dispatch/middleware/static.rb:125:in `call'
rack (2.0.3) lib/rack/sendfile.rb:111:in `call'
railties (5.1.4) lib/rails/engine.rb:522:in `call'
puma (3.10.0) lib/puma/configuration.rb:225:in `call'
puma (3.10.0) lib/puma/server.rb:605:in `handle_request'
puma (3.10.0) lib/puma/server.rb:437:in `process_client'
puma (3.10.0) lib/puma/server.rb:301:in `block in run'
puma (3.10.0) lib/puma/thread_pool.rb:120:in `block in spawn_thread'
Started GET "/artist/1/about" for 127.0.0.1 at 2017-09-13 17:43:37 -0700
Processing by ArtistsController#about as HTML
  Parameters: {"id"=>"1"}
  Rendering artists/about.html.erb within layouts/application
  Rendered artists/about.html.erb within layouts/application (0.5ms)
Completed 200 OK in 1033ms (Views: 1029.7ms | ActiveRecord: 0.0ms)


Started GET "/artist/1/about" for 127.0.0.1 at 2017-09-13 17:45:23 -0700
Processing by ArtistsController#about as HTML
  Parameters: {"id"=>"1"}
Completed 500 Internal Server Error in 4ms (ActiveRecord: 0.0ms)


  
NameError (uninitialized constant ArtistsController::Artist):
  
app/controllers/artists_controller.rb:4:in `about'
Started GET "/artist/1/about" for 127.0.0.1 at 2017-09-13 17:46:45 -0700
Processing by ArtistsController#about as HTML
  Parameters: {"id"=>"1"}
Completed 500 Internal Server Error in 5ms (ActiveRecord: 0.0ms)


  
ArgumentError (wrong number of arguments (given 1, expected 0)):
  
app/controllers/artists_controller.rb:4:in `about'
Started GET "/artist/1/about" for 127.0.0.1 at 2017-09-13 17:48:27 -0700
Processing by ArtistsController#about as HTML
  Parameters: {"id"=>"1"}
Completed 500 Internal Server Error in 26ms (ActiveRecord: 21.1ms)


  
ActiveRecord::StatementInvalid (PG::UndefinedTable: ERROR:  relation "artists" does not exist
LINE 8:                WHERE a.attrelid = '"artists"'::regclass
                                          ^
:               SELECT a.attname, format_type(a.atttypid, a.atttypmod),
                     pg_get_expr(d.adbin, d.adrelid), a.attnotnull, a.atttypid, a.atttypmod,
                     c.collname, col_description(a.attrelid, a.attnum) AS comment
                FROM pg_attribute a
                LEFT JOIN pg_attrdef d ON a.attrelid = d.adrelid AND a.attnum = d.adnum
                LEFT JOIN pg_type t ON a.atttypid = t.oid
                LEFT JOIN pg_collation c ON a.attcollation = c.oid AND a.attcollation <> t.typcollation
               WHERE a.attrelid = '"artists"'::regclass
                 AND a.attnum > 0 AND NOT a.attisdropped
               ORDER BY a.attnum
):
  
app/controllers/artists_controller.rb:4:in `about'
Started GET "/artist/1/about" for 127.0.0.1 at 2017-09-13 17:50:06 -0700
Processing by ArtistsController#about as HTML
  Parameters: {"id"=>"1"}
  [1m[36mAdmin Load (0.5ms)[0m  [1m[34mSELECT  "admins".* FROM "admins" WHERE "admins"."id" = $1 LIMIT $2[0m  [["id", 1], ["LIMIT", 1]]
Completed 404 Not Found in 23ms (ActiveRecord: 8.0ms)


  
ActiveRecord::RecordNotFound (Couldn't find Admin with 'id'=1):
  
app/controllers/artists_controller.rb:4:in `about'
  [1m[35m (0.2ms)[0m  [1m[35mBEGIN[0m
  [1m[35mSQL (26.1ms)[0m  [1m[32mINSERT INTO "users" ("email", "password", "created_at", "updated_at") VALUES ($1, $2, $3, $4) RETURNING "id"[0m  [["email", "ccpinotti@gmail.com"], ["password", "1234"], ["created_at", "2017-09-14 00:54:06.575166"], ["updated_at", "2017-09-14 00:54:06.575166"]]
  [1m[35m (19.5ms)[0m  [1m[35mCOMMIT[0m
  [1m[35m (7.8ms)[0m  [1m[34mSELECT "schema_migrations"."version" FROM "schema_migrations" ORDER BY "schema_migrations"."version" ASC[0m
  [1m[35m (0.5ms)[0m  [1m[34mSELECT pg_try_advisory_lock(8215156367958774570)[0m
  [1m[35m (1.0ms)[0m  [1m[34mSELECT "schema_migrations"."version" FROM "schema_migrations" ORDER BY "schema_migrations"."version" ASC[0m
Migrating to CreateAdmins (20170914002745)
  [1m[35m (0.3ms)[0m  [1m[35mBEGIN[0m
  [1m[35m (41.3ms)[0m  [1m[35mDROP TABLE "admins"[0m
  [1m[35mSQL (1.7ms)[0m  [1m[31mDELETE FROM "schema_migrations" WHERE "schema_migrations"."version" = $1[0m  [["version", "20170914002745"]]
  [1m[35m (5.0ms)[0m  [1m[35mCOMMIT[0m
  [1m[35m (0.5ms)[0m  [1m[34mSELECT pg_advisory_unlock(8215156367958774570)[0m
  [1m[35m (0.4ms)[0m  [1m[34mSELECT "schema_migrations"."version" FROM "schema_migrations" ORDER BY "schema_migrations"."version" ASC[0m
  [1m[35m (0.6ms)[0m  [1m[34mSELECT "schema_migrations"."version" FROM "schema_migrations" ORDER BY "schema_migrations"."version" ASC[0m
  [1m[35m (0.2ms)[0m  [1m[34mSELECT pg_try_advisory_lock(8215156367958774570)[0m
  [1m[35m (0.3ms)[0m  [1m[34mSELECT "schema_migrations"."version" FROM "schema_migrations" ORDER BY "schema_migrations"."version" ASC[0m
Migrating to CreateUsers (20170913205635)
  [1m[35m (0.2ms)[0m  [1m[35mBEGIN[0m
  [1m[35m (6.8ms)[0m  [1m[35mDROP TABLE "users"[0m
  [1m[35mSQL (1.0ms)[0m  [1m[31mDELETE FROM "schema_migrations" WHERE "schema_migrations"."version" = $1[0m  [["version", "20170913205635"]]
  [1m[35m (6.6ms)[0m  [1m[35mCOMMIT[0m
  [1m[35m (0.3ms)[0m  [1m[34mSELECT pg_advisory_unlock(8215156367958774570)[0m
  [1m[35m (0.2ms)[0m  [1m[34mSELECT "schema_migrations"."version" FROM "schema_migrations" ORDER BY "schema_migrations"."version" ASC[0m
  [1m[35m (0.5ms)[0m  [1m[34mSELECT pg_try_advisory_lock(8215156367958774570)[0m
  [1m[35m (0.9ms)[0m  [1m[34mSELECT "schema_migrations"."version" FROM "schema_migrations" ORDER BY "schema_migrations"."version" ASC[0m
Migrating to CreateArtists (20170914010331)
  [1m[35m (0.2ms)[0m  [1m[35mBEGIN[0m
  [1m[35m (35.0ms)[0m  [1m[35mCREATE TABLE "artists" ("id" bigserial primary key, "first_name" character varying, "last_name" character varying, "email" character varying, "password" character varying, "created_at" timestamp NOT NULL, "updated_at" timestamp NOT NULL)[0m
  [1m[35mSQL (0.7ms)[0m  [1m[32mINSERT INTO "schema_migrations" ("version") VALUES ($1) RETURNING "version"[0m  [["version", "20170914010331"]]
  [1m[35m (2.6ms)[0m  [1m[35mCOMMIT[0m
  [1m[36mActiveRecord::InternalMetadata Load (0.5ms)[0m  [1m[34mSELECT  "ar_internal_metadata".* FROM "ar_internal_metadata" WHERE "ar_internal_metadata"."key" = $1 LIMIT $2[0m  [["key", "environment"], ["LIMIT", 1]]
  [1m[35m (0.2ms)[0m  [1m[35mBEGIN[0m
  [1m[35m (0.2ms)[0m  [1m[35mCOMMIT[0m
  [1m[35m (0.3ms)[0m  [1m[34mSELECT pg_advisory_unlock(8215156367958774570)[0m
  [1m[35m (0.4ms)[0m  [1m[34mSELECT "schema_migrations"."version" FROM "schema_migrations" ORDER BY "schema_migrations"."version" ASC[0m
  [1m[35m (0.2ms)[0m  [1m[35mBEGIN[0m
  [1m[35mSQL (4.5ms)[0m  [1m[32mINSERT INTO "artists" ("first_name", "last_name", "email", "password", "created_at", "updated_at") VALUES ($1, $2, $3, $4, $5, $6) RETURNING "id"[0m  [["first_name", "Mari"], ["last_name", "Pinotti"], ["email", "ccpinotti@gmail.com"], ["password", "1234"], ["created_at", "2017-09-14 01:07:32.458624"], ["updated_at", "2017-09-14 01:07:32.458624"]]
  [1m[35m (5.9ms)[0m  [1m[35mCOMMIT[0m
Started GET "/artist/1/about" for 127.0.0.1 at 2017-09-13 18:07:57 -0700
  [1m[35m (0.6ms)[0m  [1m[34mSELECT "schema_migrations"."version" FROM "schema_migrations" ORDER BY "schema_migrations"."version" ASC[0m
Processing by ArtistsController#about as HTML
  Parameters: {"id"=>"1"}
  [1m[36mArtist Load (0.4ms)[0m  [1m[34mSELECT  "artists".* FROM "artists" WHERE "artists"."id" = $1 LIMIT $2[0m  [["id", 1], ["LIMIT", 1]]
  Rendering artists/about.html.erb within layouts/application
  Rendered artists/about.html.erb within layouts/application (2.6ms)
Completed 200 OK in 320ms (Views: 255.7ms | ActiveRecord: 5.5ms)


Started GET "/artist/3/about" for 127.0.0.1 at 2017-09-13 18:08:05 -0700
Processing by ArtistsController#about as HTML
  Parameters: {"id"=>"3"}
  [1m[36mArtist Load (0.6ms)[0m  [1m[34mSELECT  "artists".* FROM "artists" WHERE "artists"."id" = $1 LIMIT $2[0m  [["id", 3], ["LIMIT", 1]]
Completed 404 Not Found in 3ms (ActiveRecord: 0.6ms)


  
ActiveRecord::RecordNotFound (Couldn't find Artist with 'id'=3):
  
app/controllers/artists_controller.rb:4:in `about'
Started GET "/artist/3/about" for 127.0.0.1 at 2017-09-13 18:13:44 -0700
Processing by ArtistsController#about as HTML
  Parameters: {"id"=>"3"}
  [1m[36mArtist Load (0.4ms)[0m  [1m[34mSELECT  "artists".* FROM "artists" WHERE "artists"."id" = $1 LIMIT $2[0m  [["id", 3], ["LIMIT", 1]]
Completed 404 Not Found in 2ms (ActiveRecord: 0.4ms)


  
ActiveRecord::RecordNotFound (Couldn't find Artist with 'id'=3):
  
app/controllers/artists_controller.rb:4:in `about'
Started GET "/artist/1/about" for 127.0.0.1 at 2017-09-13 18:13:49 -0700
Processing by ArtistsController#about as HTML
  Parameters: {"id"=>"1"}
  [1m[36mArtist Load (0.5ms)[0m  [1m[34mSELECT  "artists".* FROM "artists" WHERE "artists"."id" = $1 LIMIT $2[0m  [["id", 1], ["LIMIT", 1]]
  Rendering artists/about.html.erb within layouts/application
  Rendered artists/about.html.erb within layouts/application (0.6ms)
Completed 200 OK in 57ms (Views: 52.8ms | ActiveRecord: 0.5ms)


Started GET "/artist/1/about" for 127.0.0.1 at 2017-09-13 18:28:00 -0700
Processing by ArtistsController#about as HTML
  Parameters: {"id"=>"1"}
  [1m[36mArtist Load (0.9ms)[0m  [1m[34mSELECT  "artists".* FROM "artists" WHERE "artists"."id" = $1 LIMIT $2[0m  [["id", 1], ["LIMIT", 1]]
  Rendering artists/about.html.erb within layouts/application
  Rendered artists/about.html.erb within layouts/application (2.7ms)
Completed 200 OK in 91ms (Views: 67.2ms | ActiveRecord: 0.9ms)


Started GET "/artist/1/about" for 127.0.0.1 at 2017-09-13 18:28:35 -0700
Processing by ArtistsController#about as HTML
  Parameters: {"id"=>"1"}
  [1m[36mArtist Load (0.3ms)[0m  [1m[34mSELECT  "artists".* FROM "artists" WHERE "artists"."id" = $1 LIMIT $2[0m  [["id", 1], ["LIMIT", 1]]
  Rendering artists/about.html.erb within layouts/application
  Rendered artists/about.html.erb within layouts/application (0.6ms)
Completed 200 OK in 51ms (Views: 45.8ms | ActiveRecord: 0.3ms)


Started GET "/artist/1/about" for 127.0.0.1 at 2017-09-13 18:33:57 -0700
Processing by ArtistsController#about as HTML
  Parameters: {"id"=>"1"}
  [1m[36mArtist Load (0.7ms)[0m  [1m[34mSELECT  "artists".* FROM "artists" WHERE "artists"."id" = $1 LIMIT $2[0m  [["id", 1], ["LIMIT", 1]]
  Rendering artists/about.html.erb within layouts/application
  Rendered artists/about.html.erb within layouts/application (2.4ms)
Completed 200 OK in 178ms (Views: 161.4ms | ActiveRecord: 0.7ms)


Started GET "/artist/1/about" for 127.0.0.1 at 2017-09-13 18:34:02 -0700
Processing by ArtistsController#about as HTML
  Parameters: {"id"=>"1"}
  [1m[36mArtist Load (0.4ms)[0m  [1m[34mSELECT  "artists".* FROM "artists" WHERE "artists"."id" = $1 LIMIT $2[0m  [["id", 1], ["LIMIT", 1]]
  Rendering artists/about.html.erb within layouts/application
  Rendered artists/about.html.erb within layouts/application (0.9ms)
Completed 200 OK in 30ms (Views: 24.9ms | ActiveRecord: 0.4ms)


Started GET "/artist/1/about" for 127.0.0.1 at 2017-09-13 18:34:03 -0700
Processing by ArtistsController#about as HTML
  Parameters: {"id"=>"1"}
  [1m[36mArtist Load (0.3ms)[0m  [1m[34mSELECT  "artists".* FROM "artists" WHERE "artists"."id" = $1 LIMIT $2[0m  [["id", 1], ["LIMIT", 1]]
  Rendering artists/about.html.erb within layouts/application
  Rendered artists/about.html.erb within layouts/application (0.7ms)
Completed 200 OK in 36ms (Views: 31.5ms | ActiveRecord: 0.3ms)


Started GET "/artist/1/about" for 127.0.0.1 at 2017-09-13 18:34:03 -0700
Processing by ArtistsController#about as HTML
  Parameters: {"id"=>"1"}
  [1m[36mArtist Load (0.2ms)[0m  [1m[34mSELECT  "artists".* FROM "artists" WHERE "artists"."id" = $1 LIMIT $2[0m  [["id", 1], ["LIMIT", 1]]
  Rendering artists/about.html.erb within layouts/application
  Rendered artists/about.html.erb within layouts/application (0.5ms)
Completed 200 OK in 32ms (Views: 28.4ms | ActiveRecord: 0.2ms)


Started GET "/artist/1/about" for 127.0.0.1 at 2017-09-13 18:34:04 -0700
Processing by ArtistsController#about as HTML
  Parameters: {"id"=>"1"}
  [1m[36mArtist Load (0.2ms)[0m  [1m[34mSELECT  "artists".* FROM "artists" WHERE "artists"."id" = $1 LIMIT $2[0m  [["id", 1], ["LIMIT", 1]]
  Rendering artists/about.html.erb within layouts/application
  Rendered artists/about.html.erb within layouts/application (0.5ms)
Completed 200 OK in 33ms (Views: 23.9ms | ActiveRecord: 0.2ms)


Started GET "/artist/1/about" for 127.0.0.1 at 2017-09-13 18:34:04 -0700
Processing by ArtistsController#about as HTML
  Parameters: {"id"=>"1"}
  [1m[36mArtist Load (0.4ms)[0m  [1m[34mSELECT  "artists".* FROM "artists" WHERE "artists"."id" = $1 LIMIT $2[0m  [["id", 1], ["LIMIT", 1]]
  Rendering artists/about.html.erb within layouts/application
  Rendered artists/about.html.erb within layouts/application (0.5ms)
Completed 200 OK in 34ms (Views: 29.2ms | ActiveRecord: 0.4ms)


Started GET "/artist/1/about" for 127.0.0.1 at 2017-09-13 18:34:04 -0700
Processing by ArtistsController#about as HTML
  Parameters: {"id"=>"1"}
  [1m[36mArtist Load (0.2ms)[0m  [1m[34mSELECT  "artists".* FROM "artists" WHERE "artists"."id" = $1 LIMIT $2[0m  [["id", 1], ["LIMIT", 1]]
  Rendering artists/about.html.erb within layouts/application
  Rendered artists/about.html.erb within layouts/application (0.7ms)
Completed 200 OK in 33ms (Views: 28.0ms | ActiveRecord: 0.2ms)


Started GET "/artist/1/about" for 127.0.0.1 at 2017-09-13 18:34:04 -0700
Processing by ArtistsController#about as HTML
  Parameters: {"id"=>"1"}
  [1m[36mArtist Load (0.2ms)[0m  [1m[34mSELECT  "artists".* FROM "artists" WHERE "artists"."id" = $1 LIMIT $2[0m  [["id", 1], ["LIMIT", 1]]
  Rendering artists/about.html.erb within layouts/application
  Rendered artists/about.html.erb within layouts/application (0.6ms)
Completed 200 OK in 23ms (Views: 19.4ms | ActiveRecord: 0.2ms)


Started GET "/artist/1/about" for 127.0.0.1 at 2017-09-13 18:38:37 -0700
Processing by ArtistsController#about as HTML
  Parameters: {"id"=>"1"}
  [1m[36mArtist Load (0.8ms)[0m  [1m[34mSELECT  "artists".* FROM "artists" WHERE "artists"."id" = $1 LIMIT $2[0m  [["id", 1], ["LIMIT", 1]]
  Rendering artists/about.html.erb within layouts/application
  Rendered artists/about.html.erb within layouts/application (4.0ms)
Completed 200 OK in 97ms (Views: 70.9ms | ActiveRecord: 0.8ms)


Started GET "/artist/1/about" for 127.0.0.1 at 2017-09-13 18:39:28 -0700
Processing by ArtistsController#about as HTML
  Parameters: {"id"=>"1"}
  [1m[36mArtist Load (0.5ms)[0m  [1m[34mSELECT  "artists".* FROM "artists" WHERE "artists"."id" = $1 LIMIT $2[0m  [["id", 1], ["LIMIT", 1]]
  Rendering artists/about.html.erb within layouts/application
  Rendered artists/about.html.erb within layouts/application (0.5ms)
Completed 200 OK in 287ms (Views: 281.0ms | ActiveRecord: 0.5ms)


Started GET "/artist/1/about" for 127.0.0.1 at 2017-09-13 18:40:09 -0700
Processing by ArtistsController#about as HTML
  Parameters: {"id"=>"1"}
  [1m[36mArtist Load (0.2ms)[0m  [1m[34mSELECT  "artists".* FROM "artists" WHERE "artists"."id" = $1 LIMIT $2[0m  [["id", 1], ["LIMIT", 1]]
  Rendering artists/about.html.erb within layouts/application
  Rendered artists/about.html.erb within layouts/application (1.1ms)
Completed 200 OK in 48ms (Views: 44.2ms | ActiveRecord: 0.2ms)


Started GET "/artist/1/about" for 127.0.0.1 at 2017-09-13 18:40:24 -0700
Processing by ArtistsController#about as HTML
  Parameters: {"id"=>"1"}
  [1m[36mArtist Load (0.3ms)[0m  [1m[34mSELECT  "artists".* FROM "artists" WHERE "artists"."id" = $1 LIMIT $2[0m  [["id", 1], ["LIMIT", 1]]
  Rendering artists/about.html.erb within layouts/application
  Rendered artists/about.html.erb within layouts/application (0.8ms)
Completed 200 OK in 33ms (Views: 28.8ms | ActiveRecord: 0.3ms)


Started GET "/artist/1/about" for 127.0.0.1 at 2017-09-13 18:48:14 -0700
Processing by ArtistsController#about as HTML
  Parameters: {"id"=>"1"}
  [1m[36mArtist Load (0.9ms)[0m  [1m[34mSELECT  "artists".* FROM "artists" WHERE "artists"."id" = $1 LIMIT $2[0m  [["id", 1], ["LIMIT", 1]]
  Rendering artists/about.html.erb within layouts/application
  Rendered artists/about.html.erb within layouts/application (3.5ms)
Completed 200 OK in 115ms (Views: 94.7ms | ActiveRecord: 0.9ms)


Started GET "/artist/1/IMG_0067.jpg" for 127.0.0.1 at 2017-09-13 18:48:15 -0700
  
ActionController::RoutingError (No route matches [GET] "/artist/1/IMG_0067.jpg"):
  
actionpack (5.1.4) lib/action_dispatch/middleware/debug_exceptions.rb:63:in `call'
web-console (3.5.1) lib/web_console/middleware.rb:135:in `call_app'
web-console (3.5.1) lib/web_console/middleware.rb:28:in `block in call'
web-console (3.5.1) lib/web_console/middleware.rb:18:in `catch'
web-console (3.5.1) lib/web_console/middleware.rb:18:in `call'
actionpack (5.1.4) lib/action_dispatch/middleware/show_exceptions.rb:31:in `call'
railties (5.1.4) lib/rails/rack/logger.rb:36:in `call_app'
railties (5.1.4) lib/rails/rack/logger.rb:24:in `block in call'
activesupport (5.1.4) lib/active_support/tagged_logging.rb:69:in `block in tagged'
activesupport (5.1.4) lib/active_support/tagged_logging.rb:26:in `tagged'
activesupport (5.1.4) lib/active_support/tagged_logging.rb:69:in `tagged'
railties (5.1.4) lib/rails/rack/logger.rb:24:in `call'
sprockets-rails (3.2.1) lib/sprockets/rails/quiet_assets.rb:13:in `call'
actionpack (5.1.4) lib/action_dispatch/middleware/remote_ip.rb:79:in `call'
actionpack (5.1.4) lib/action_dispatch/middleware/request_id.rb:25:in `call'
rack (2.0.3) lib/rack/method_override.rb:22:in `call'
rack (2.0.3) lib/rack/runtime.rb:22:in `call'
activesupport (5.1.4) lib/active_support/cache/strategy/local_cache_middleware.rb:27:in `call'
actionpack (5.1.4) lib/action_dispatch/middleware/executor.rb:12:in `call'
actionpack (5.1.4) lib/action_dispatch/middleware/static.rb:125:in `call'
rack (2.0.3) lib/rack/sendfile.rb:111:in `call'
railties (5.1.4) lib/rails/engine.rb:522:in `call'
puma (3.10.0) lib/puma/configuration.rb:225:in `call'
puma (3.10.0) lib/puma/server.rb:605:in `handle_request'
puma (3.10.0) lib/puma/server.rb:437:in `process_client'
puma (3.10.0) lib/puma/server.rb:301:in `block in run'
puma (3.10.0) lib/puma/thread_pool.rb:120:in `block in spawn_thread'
Started GET "/artist/1/about" for 127.0.0.1 at 2017-09-13 18:49:16 -0700
Processing by ArtistsController#about as HTML
  Parameters: {"id"=>"1"}
  [1m[36mArtist Load (0.4ms)[0m  [1m[34mSELECT  "artists".* FROM "artists" WHERE "artists"."id" = $1 LIMIT $2[0m  [["id", 1], ["LIMIT", 1]]
  Rendering artists/about.html.erb within layouts/application
  Rendered artists/about.html.erb within layouts/application (0.7ms)
Completed 200 OK in 54ms (Views: 48.8ms | ActiveRecord: 0.4ms)


